200224 22:44:44 [Note] Plugin 'FEDERATED' is disabled.
200224 22:44:45 InnoDB: The InnoDB memory heap is disabled
200224 22:44:45 InnoDB: Mutexes and rw_locks use Windows interlocked functions
200224 22:44:45 InnoDB: Compressed tables use zlib 1.2.3
200224 22:44:45 InnoDB: Initializing buffer pool, size = 128.0M
200224 22:44:45 InnoDB: Completed initialization of buffer pool
InnoDB: The first specified data file C:\wamp\www\new_moodle\server\mysql\data\ibdata1 did not exist:
InnoDB: a new database to be created!
200224 22:44:45  InnoDB: Setting file C:\wamp\www\new_moodle\server\mysql\data\ibdata1 size to 10 MB
InnoDB: Database physically writes the file full: wait...
200224 22:44:45  InnoDB: Log file C:\wamp\www\new_moodle\server\mysql\data\ib_logfile0 did not exist: new to be created
InnoDB: Setting log file C:\wamp\www\new_moodle\server\mysql\data\ib_logfile0 size to 32 MB
InnoDB: Database physically writes the file full: wait...
200224 22:44:46  InnoDB: Log file C:\wamp\www\new_moodle\server\mysql\data\ib_logfile1 did not exist: new to be created
InnoDB: Setting log file C:\wamp\www\new_moodle\server\mysql\data\ib_logfile1 size to 32 MB
InnoDB: Database physically writes the file full: wait...
InnoDB: Doublewrite buffer not found: creating new
InnoDB: Doublewrite buffer created
InnoDB: 127 rollback segment(s) active.
InnoDB: Creating foreign key constraint system tables
InnoDB: Foreign key constraint system tables created
200224 22:44:48  InnoDB: Waiting for the background threads to start
200224 22:44:49 InnoDB: 5.5.36 started; log sequence number 0
200224 22:44:49 [Note] Server hostname (bind-address): '0.0.0.0'; port: 3306
200224 22:44:49 [Note]   - '0.0.0.0' resolves to '0.0.0.0';
200224 22:44:49 [Note] Server socket created on IP: '0.0.0.0'.
200224 22:44:49 [ERROR] Can't start server: Bind on TCP/IP port: No such file or directory
200224 22:44:49 [ERROR] Do you already have another mysqld server running on port: 3306 ?
200224 22:44:49 [ERROR] Aborting

200224 22:44:49  InnoDB: Starting shutdown...
200224 22:44:50  InnoDB: Shutdown completed; log sequence number 1595675
200224 22:44:50 [Note] mysql\bin\mysqld.exe: Shutdown complete

